Started GET "/" for ::1 at 2017-03-10 15:19:14 +0100
  
ActiveRecord::PendingMigrationError (

Migrations are pending. To resolve this issue, run:

        bin/rails db:migrate RAILS_ENV=development

):
  
activerecord (5.0.2) lib/active_record/migration.rb:573:in `check_pending!'
activerecord (5.0.2) lib/active_record/migration.rb:549:in `call'
actionpack (5.0.2) lib/action_dispatch/middleware/callbacks.rb:38:in `block in call'
activesupport (5.0.2) lib/active_support/callbacks.rb:97:in `__run_callbacks__'
activesupport (5.0.2) lib/active_support/callbacks.rb:750:in `_run_call_callbacks'
activesupport (5.0.2) lib/active_support/callbacks.rb:90:in `run_callbacks'
actionpack (5.0.2) lib/action_dispatch/middleware/callbacks.rb:36:in `call'
actionpack (5.0.2) lib/action_dispatch/middleware/executor.rb:12:in `call'
actionpack (5.0.2) lib/action_dispatch/middleware/remote_ip.rb:79:in `call'
actionpack (5.0.2) lib/action_dispatch/middleware/debug_exceptions.rb:49:in `call'
web-console (3.4.0) lib/web_console/middleware.rb:135:in `call_app'
web-console (3.4.0) lib/web_console/middleware.rb:28:in `block in call'
web-console (3.4.0) lib/web_console/middleware.rb:18:in `catch'
web-console (3.4.0) lib/web_console/middleware.rb:18:in `call'
actionpack (5.0.2) lib/action_dispatch/middleware/show_exceptions.rb:31:in `call'
railties (5.0.2) lib/rails/rack/logger.rb:36:in `call_app'
railties (5.0.2) lib/rails/rack/logger.rb:24:in `block in call'
activesupport (5.0.2) lib/active_support/tagged_logging.rb:69:in `block in tagged'
activesupport (5.0.2) lib/active_support/tagged_logging.rb:26:in `tagged'
activesupport (5.0.2) lib/active_support/tagged_logging.rb:69:in `tagged'
railties (5.0.2) lib/rails/rack/logger.rb:24:in `call'
sprockets-rails (3.2.0) lib/sprockets/rails/quiet_assets.rb:13:in `call'
actionpack (5.0.2) lib/action_dispatch/middleware/request_id.rb:24:in `call'
rack (2.0.1) lib/rack/method_override.rb:22:in `call'
rack (2.0.1) lib/rack/runtime.rb:22:in `call'
activesupport (5.0.2) lib/active_support/cache/strategy/local_cache_middleware.rb:28:in `call'
actionpack (5.0.2) lib/action_dispatch/middleware/executor.rb:12:in `call'
actionpack (5.0.2) lib/action_dispatch/middleware/static.rb:136:in `call'
rack (2.0.1) lib/rack/sendfile.rb:111:in `call'
railties (5.0.2) lib/rails/engine.rb:522:in `call'
puma (3.8.0) lib/puma/configuration.rb:224:in `call'
puma (3.8.0) lib/puma/server.rb:590:in `handle_request'
puma (3.8.0) lib/puma/server.rb:425:in `process_client'
puma (3.8.0) lib/puma/server.rb:289:in `block in run'
puma (3.8.0) lib/puma/thread_pool.rb:120:in `block in spawn_thread'
  Rendering /Users/martinez/.rvm/gems/ruby-2.3.0/gems/actionpack-5.0.2/lib/action_dispatch/middleware/templates/rescues/diagnostics.html.erb within rescues/layout
  Rendering /Users/martinez/.rvm/gems/ruby-2.3.0/gems/actionpack-5.0.2/lib/action_dispatch/middleware/templates/rescues/_source.html.erb
  Rendered /Users/martinez/.rvm/gems/ruby-2.3.0/gems/actionpack-5.0.2/lib/action_dispatch/middleware/templates/rescues/_source.html.erb (1.8ms)
  Rendering /Users/martinez/.rvm/gems/ruby-2.3.0/gems/actionpack-5.0.2/lib/action_dispatch/middleware/templates/rescues/_trace.html.erb
  Rendered /Users/martinez/.rvm/gems/ruby-2.3.0/gems/actionpack-5.0.2/lib/action_dispatch/middleware/templates/rescues/_trace.html.erb (1.3ms)
  Rendering /Users/martinez/.rvm/gems/ruby-2.3.0/gems/actionpack-5.0.2/lib/action_dispatch/middleware/templates/rescues/_request_and_response.html.erb
  Rendered /Users/martinez/.rvm/gems/ruby-2.3.0/gems/actionpack-5.0.2/lib/action_dispatch/middleware/templates/rescues/_request_and_response.html.erb (0.7ms)
  Rendered /Users/martinez/.rvm/gems/ruby-2.3.0/gems/actionpack-5.0.2/lib/action_dispatch/middleware/templates/rescues/diagnostics.html.erb within rescues/layout (61.4ms)
  [1m[35m (2.9ms)[0m  [1m[35mCREATE TABLE "schema_migrations" ("version" varchar NOT NULL PRIMARY KEY)[0m
  [1m[35m (0.8ms)[0m  [1m[35mCREATE TABLE "ar_internal_metadata" ("key" varchar NOT NULL PRIMARY KEY, "value" varchar, "created_at" datetime NOT NULL, "updated_at" datetime NOT NULL)[0m
  [1m[36mActiveRecord::SchemaMigration Load (0.1ms)[0m  [1m[34mSELECT "schema_migrations".* FROM "schema_migrations"[0m
Migrating to CreateArduinos (20170310140704)
  [1m[35m (0.1ms)[0m  [1m[36mbegin transaction[0m
  [1m[35m (0.3ms)[0m  [1m[35mCREATE TABLE "arduinos" ("id" INTEGER PRIMARY KEY AUTOINCREMENT NOT NULL, "b1" float, "b2" float, "b3" float, "created_at" datetime NOT NULL, "updated_at" datetime NOT NULL)[0m
  [1m[35mSQL (0.4ms)[0m  [1m[32mINSERT INTO "schema_migrations" ("version") VALUES (?)[0m  [["version", "20170310140704"]]
  [1m[35m (0.7ms)[0m  [1m[36mcommit transaction[0m
  [1m[36mActiveRecord::InternalMetadata Load (0.4ms)[0m  [1m[34mSELECT  "ar_internal_metadata".* FROM "ar_internal_metadata" WHERE "ar_internal_metadata"."key" = ? LIMIT ?[0m  [["key", :environment], ["LIMIT", 1]]
  [1m[35m (0.1ms)[0m  [1m[36mbegin transaction[0m
  [1m[35mSQL (0.2ms)[0m  [1m[32mINSERT INTO "ar_internal_metadata" ("key", "value", "created_at", "updated_at") VALUES (?, ?, ?, ?)[0m  [["key", "environment"], ["value", "development"], ["created_at", 2017-03-10 14:20:54 UTC], ["updated_at", 2017-03-10 14:20:54 UTC]]
  [1m[35m (0.7ms)[0m  [1m[36mcommit transaction[0m
  [1m[36mActiveRecord::SchemaMigration Load (0.2ms)[0m  [1m[34mSELECT "schema_migrations".* FROM "schema_migrations"[0m
Started GET "/" for ::1 at 2017-03-10 15:21:04 +0100
  [1m[36mActiveRecord::SchemaMigration Load (0.2ms)[0m  [1m[34mSELECT "schema_migrations".* FROM "schema_migrations"[0m
Processing by Rails::WelcomeController#index as HTML
  Parameters: {"internal"=>true}
  Rendering /Users/martinez/.rvm/gems/ruby-2.3.0/gems/railties-5.0.2/lib/rails/templates/rails/welcome/index.html.erb
  Rendered /Users/martinez/.rvm/gems/ruby-2.3.0/gems/railties-5.0.2/lib/rails/templates/rails/welcome/index.html.erb (7.6ms)
Completed 200 OK in 33ms (Views: 16.7ms | ActiveRecord: 0.0ms)


Started GET "/" for ::1 at 2017-03-10 15:21:09 +0100
Processing by Rails::WelcomeController#index as HTML
  Parameters: {"internal"=>true}
  Rendering /Users/martinez/.rvm/gems/ruby-2.3.0/gems/railties-5.0.2/lib/rails/templates/rails/welcome/index.html.erb
  Rendered /Users/martinez/.rvm/gems/ruby-2.3.0/gems/railties-5.0.2/lib/rails/templates/rails/welcome/index.html.erb (4.0ms)
Completed 200 OK in 9ms (Views: 6.4ms | ActiveRecord: 0.0ms)


Started GET "/" for ::1 at 2017-03-10 15:21:10 +0100
Processing by Rails::WelcomeController#index as HTML
  Parameters: {"internal"=>true}
  Rendering /Users/martinez/.rvm/gems/ruby-2.3.0/gems/railties-5.0.2/lib/rails/templates/rails/welcome/index.html.erb
  Rendered /Users/martinez/.rvm/gems/ruby-2.3.0/gems/railties-5.0.2/lib/rails/templates/rails/welcome/index.html.erb (3.6ms)
Completed 200 OK in 8ms (Views: 5.8ms | ActiveRecord: 0.0ms)


Started GET "/Arduino" for ::1 at 2017-03-10 15:21:14 +0100
  
ActionController::RoutingError (No route matches [GET] "/Arduino"):
  
actionpack (5.0.2) lib/action_dispatch/middleware/debug_exceptions.rb:53:in `call'
web-console (3.4.0) lib/web_console/middleware.rb:135:in `call_app'
web-console (3.4.0) lib/web_console/middleware.rb:28:in `block in call'
web-console (3.4.0) lib/web_console/middleware.rb:18:in `catch'
web-console (3.4.0) lib/web_console/middleware.rb:18:in `call'
actionpack (5.0.2) lib/action_dispatch/middleware/show_exceptions.rb:31:in `call'
railties (5.0.2) lib/rails/rack/logger.rb:36:in `call_app'
railties (5.0.2) lib/rails/rack/logger.rb:24:in `block in call'
activesupport (5.0.2) lib/active_support/tagged_logging.rb:69:in `block in tagged'
activesupport (5.0.2) lib/active_support/tagged_logging.rb:26:in `tagged'
activesupport (5.0.2) lib/active_support/tagged_logging.rb:69:in `tagged'
railties (5.0.2) lib/rails/rack/logger.rb:24:in `call'
sprockets-rails (3.2.0) lib/sprockets/rails/quiet_assets.rb:13:in `call'
actionpack (5.0.2) lib/action_dispatch/middleware/request_id.rb:24:in `call'
rack (2.0.1) lib/rack/method_override.rb:22:in `call'
rack (2.0.1) lib/rack/runtime.rb:22:in `call'
activesupport (5.0.2) lib/active_support/cache/strategy/local_cache_middleware.rb:28:in `call'
actionpack (5.0.2) lib/action_dispatch/middleware/executor.rb:12:in `call'
actionpack (5.0.2) lib/action_dispatch/middleware/static.rb:136:in `call'
rack (2.0.1) lib/rack/sendfile.rb:111:in `call'
railties (5.0.2) lib/rails/engine.rb:522:in `call'
puma (3.8.0) lib/puma/configuration.rb:224:in `call'
puma (3.8.0) lib/puma/server.rb:590:in `handle_request'
puma (3.8.0) lib/puma/server.rb:425:in `process_client'
puma (3.8.0) lib/puma/server.rb:289:in `block in run'
puma (3.8.0) lib/puma/thread_pool.rb:120:in `block in spawn_thread'
  Rendering /Users/martinez/.rvm/gems/ruby-2.3.0/gems/actionpack-5.0.2/lib/action_dispatch/middleware/templates/rescues/routing_error.html.erb within rescues/layout
  Rendering /Users/martinez/.rvm/gems/ruby-2.3.0/gems/actionpack-5.0.2/lib/action_dispatch/middleware/templates/rescues/_trace.html.erb
  Rendered /Users/martinez/.rvm/gems/ruby-2.3.0/gems/actionpack-5.0.2/lib/action_dispatch/middleware/templates/rescues/_trace.html.erb (1.4ms)
  Rendered collection of /Users/martinez/.rvm/gems/ruby-2.3.0/gems/actionpack-5.0.2/lib/action_dispatch/middleware/templates/routes/_route.html.erb [8 times] (12.7ms)
  Rendered /Users/martinez/.rvm/gems/ruby-2.3.0/gems/actionpack-5.0.2/lib/action_dispatch/middleware/templates/routes/_table.html.erb (8.3ms)
  Rendering /Users/martinez/.rvm/gems/ruby-2.3.0/gems/actionpack-5.0.2/lib/action_dispatch/middleware/templates/rescues/_request_and_response.html.erb
  Rendered /Users/martinez/.rvm/gems/ruby-2.3.0/gems/actionpack-5.0.2/lib/action_dispatch/middleware/templates/rescues/_request_and_response.html.erb (1.4ms)
  Rendered /Users/martinez/.rvm/gems/ruby-2.3.0/gems/actionpack-5.0.2/lib/action_dispatch/middleware/templates/rescues/routing_error.html.erb within rescues/layout (117.8ms)
Started GET "/Arduino" for ::1 at 2017-03-10 15:21:20 +0100
  
ActionController::RoutingError (No route matches [GET] "/Arduino"):
  
actionpack (5.0.2) lib/action_dispatch/middleware/debug_exceptions.rb:53:in `call'
web-console (3.4.0) lib/web_console/middleware.rb:135:in `call_app'
web-console (3.4.0) lib/web_console/middleware.rb:28:in `block in call'
web-console (3.4.0) lib/web_console/middleware.rb:18:in `catch'
web-console (3.4.0) lib/web_console/middleware.rb:18:in `call'
actionpack (5.0.2) lib/action_dispatch/middleware/show_exceptions.rb:31:in `call'
railties (5.0.2) lib/rails/rack/logger.rb:36:in `call_app'
railties (5.0.2) lib/rails/rack/logger.rb:24:in `block in call'
activesupport (5.0.2) lib/active_support/tagged_logging.rb:69:in `block in tagged'
activesupport (5.0.2) lib/active_support/tagged_logging.rb:26:in `tagged'
activesupport (5.0.2) lib/active_support/tagged_logging.rb:69:in `tagged'
railties (5.0.2) lib/rails/rack/logger.rb:24:in `call'
sprockets-rails (3.2.0) lib/sprockets/rails/quiet_assets.rb:13:in `call'
actionpack (5.0.2) lib/action_dispatch/middleware/request_id.rb:24:in `call'
rack (2.0.1) lib/rack/method_override.rb:22:in `call'
rack (2.0.1) lib/rack/runtime.rb:22:in `call'
activesupport (5.0.2) lib/active_support/cache/strategy/local_cache_middleware.rb:28:in `call'
actionpack (5.0.2) lib/action_dispatch/middleware/executor.rb:12:in `call'
actionpack (5.0.2) lib/action_dispatch/middleware/static.rb:136:in `call'
rack (2.0.1) lib/rack/sendfile.rb:111:in `call'
railties (5.0.2) lib/rails/engine.rb:522:in `call'
puma (3.8.0) lib/puma/configuration.rb:224:in `call'
puma (3.8.0) lib/puma/server.rb:590:in `handle_request'
puma (3.8.0) lib/puma/server.rb:425:in `process_client'
puma (3.8.0) lib/puma/server.rb:289:in `block in run'
puma (3.8.0) lib/puma/thread_pool.rb:120:in `block in spawn_thread'
  Rendering /Users/martinez/.rvm/gems/ruby-2.3.0/gems/actionpack-5.0.2/lib/action_dispatch/middleware/templates/rescues/routing_error.html.erb within rescues/layout
  Rendering /Users/martinez/.rvm/gems/ruby-2.3.0/gems/actionpack-5.0.2/lib/action_dispatch/middleware/templates/rescues/_trace.html.erb
  Rendered /Users/martinez/.rvm/gems/ruby-2.3.0/gems/actionpack-5.0.2/lib/action_dispatch/middleware/templates/rescues/_trace.html.erb (1.5ms)
  Rendered collection of /Users/martinez/.rvm/gems/ruby-2.3.0/gems/actionpack-5.0.2/lib/action_dispatch/middleware/templates/routes/_route.html.erb [8 times] (4.6ms)
  Rendered /Users/martinez/.rvm/gems/ruby-2.3.0/gems/actionpack-5.0.2/lib/action_dispatch/middleware/templates/routes/_table.html.erb (1.5ms)
  Rendering /Users/martinez/.rvm/gems/ruby-2.3.0/gems/actionpack-5.0.2/lib/action_dispatch/middleware/templates/rescues/_request_and_response.html.erb
  Rendered /Users/martinez/.rvm/gems/ruby-2.3.0/gems/actionpack-5.0.2/lib/action_dispatch/middleware/templates/rescues/_request_and_response.html.erb (1.3ms)
  Rendered /Users/martinez/.rvm/gems/ruby-2.3.0/gems/actionpack-5.0.2/lib/action_dispatch/middleware/templates/rescues/routing_error.html.erb within rescues/layout (115.6ms)
Started GET "/arduino" for ::1 at 2017-03-10 15:21:20 +0100
  
ActionController::RoutingError (No route matches [GET] "/arduino"):
  
actionpack (5.0.2) lib/action_dispatch/middleware/debug_exceptions.rb:53:in `call'
web-console (3.4.0) lib/web_console/middleware.rb:135:in `call_app'
web-console (3.4.0) lib/web_console/middleware.rb:28:in `block in call'
web-console (3.4.0) lib/web_console/middleware.rb:18:in `catch'
web-console (3.4.0) lib/web_console/middleware.rb:18:in `call'
actionpack (5.0.2) lib/action_dispatch/middleware/show_exceptions.rb:31:in `call'
railties (5.0.2) lib/rails/rack/logger.rb:36:in `call_app'
railties (5.0.2) lib/rails/rack/logger.rb:24:in `block in call'
activesupport (5.0.2) lib/active_support/tagged_logging.rb:69:in `block in tagged'
activesupport (5.0.2) lib/active_support/tagged_logging.rb:26:in `tagged'
activesupport (5.0.2) lib/active_support/tagged_logging.rb:69:in `tagged'
railties (5.0.2) lib/rails/rack/logger.rb:24:in `call'
sprockets-rails (3.2.0) lib/sprockets/rails/quiet_assets.rb:13:in `call'
actionpack (5.0.2) lib/action_dispatch/middleware/request_id.rb:24:in `call'
rack (2.0.1) lib/rack/method_override.rb:22:in `call'
rack (2.0.1) lib/rack/runtime.rb:22:in `call'
activesupport (5.0.2) lib/active_support/cache/strategy/local_cache_middleware.rb:28:in `call'
actionpack (5.0.2) lib/action_dispatch/middleware/executor.rb:12:in `call'
actionpack (5.0.2) lib/action_dispatch/middleware/static.rb:136:in `call'
rack (2.0.1) lib/rack/sendfile.rb:111:in `call'
railties (5.0.2) lib/rails/engine.rb:522:in `call'
puma (3.8.0) lib/puma/configuration.rb:224:in `call'
puma (3.8.0) lib/puma/server.rb:590:in `handle_request'
puma (3.8.0) lib/puma/server.rb:425:in `process_client'
puma (3.8.0) lib/puma/server.rb:289:in `block in run'
puma (3.8.0) lib/puma/thread_pool.rb:120:in `block in spawn_thread'
  Rendering /Users/martinez/.rvm/gems/ruby-2.3.0/gems/actionpack-5.0.2/lib/action_dispatch/middleware/templates/rescues/routing_error.html.erb within rescues/layout
  Rendering /Users/martinez/.rvm/gems/ruby-2.3.0/gems/actionpack-5.0.2/lib/action_dispatch/middleware/templates/rescues/_trace.html.erb
  Rendered /Users/martinez/.rvm/gems/ruby-2.3.0/gems/actionpack-5.0.2/lib/action_dispatch/middleware/templates/rescues/_trace.html.erb (2.4ms)
  Rendered collection of /Users/martinez/.rvm/gems/ruby-2.3.0/gems/actionpack-5.0.2/lib/action_dispatch/middleware/templates/routes/_route.html.erb [8 times] (5.8ms)
  Rendered /Users/martinez/.rvm/gems/ruby-2.3.0/gems/actionpack-5.0.2/lib/action_dispatch/middleware/templates/routes/_table.html.erb (2.5ms)
  Rendering /Users/martinez/.rvm/gems/ruby-2.3.0/gems/actionpack-5.0.2/lib/action_dispatch/middleware/templates/rescues/_request_and_response.html.erb
  Rendered /Users/martinez/.rvm/gems/ruby-2.3.0/gems/actionpack-5.0.2/lib/action_dispatch/middleware/templates/rescues/_request_and_response.html.erb (1.7ms)
  Rendered /Users/martinez/.rvm/gems/ruby-2.3.0/gems/actionpack-5.0.2/lib/action_dispatch/middleware/templates/rescues/routing_error.html.erb within rescues/layout (125.4ms)
Started GET "/arduinos" for ::1 at 2017-03-10 15:23:28 +0100
Processing by ArduinosController#index as HTML
  Rendering arduinos/index.html.erb within layouts/application
  [1m[36mArduino Load (0.6ms)[0m  [1m[34mSELECT "arduinos".* FROM "arduinos"[0m
  Rendered arduinos/index.html.erb within layouts/application (4.6ms)
Completed 200 OK in 1256ms (Views: 1247.6ms | ActiveRecord: 1.1ms)


Started GET "/arduinos/new" for ::1 at 2017-03-10 15:23:33 +0100
Processing by ArduinosController#new as HTML
  Rendering arduinos/new.html.erb within layouts/application
  Rendered arduinos/_form.html.erb (13.7ms)
  Rendered arduinos/new.html.erb within layouts/application (16.1ms)
Completed 200 OK in 68ms (Views: 47.6ms | ActiveRecord: 2.5ms)


Started POST "/arduinos" for ::1 at 2017-03-10 15:23:42 +0100
Processing by ArduinosController#create as HTML
  Parameters: {"utf8"=>"✓", "authenticity_token"=>"lg9AA836Zmlb2pH+DEav8et4K2qwYVfPCkzMjuZTgi6Ros64vG9WvnKRHCRqA30sUbGTjDjw0rwb+VXorAGPbQ==", "arduino"=>{"b1"=>"15", "b2"=>"2,5", "b3"=>"3"}, "commit"=>"Create Arduino"}
  [1m[35m (0.7ms)[0m  [1m[36mbegin transaction[0m
  [1m[35mSQL (1.5ms)[0m  [1m[32mINSERT INTO "arduinos" ("b1", "b2", "b3", "created_at", "updated_at") VALUES (?, ?, ?, ?, ?)[0m  [["b1", 15.0], ["b2", 2.0], ["b3", 3.0], ["created_at", 2017-03-10 14:23:42 UTC], ["updated_at", 2017-03-10 14:23:42 UTC]]
  [1m[35m (1.0ms)[0m  [1m[36mcommit transaction[0m
Redirected to http://localhost:3000/arduinos/1
Completed 302 Found in 13ms (ActiveRecord: 3.2ms)


Started GET "/arduinos/1" for ::1 at 2017-03-10 15:23:42 +0100
Processing by ArduinosController#show as HTML
  Parameters: {"id"=>"1"}
  [1m[36mArduino Load (0.6ms)[0m  [1m[34mSELECT  "arduinos".* FROM "arduinos" WHERE "arduinos"."id" = ? LIMIT ?[0m  [["id", 1], ["LIMIT", 1]]
  Rendering arduinos/show.html.erb within layouts/application
  Rendered arduinos/show.html.erb within layouts/application (1.5ms)
Completed 200 OK in 50ms (Views: 36.6ms | ActiveRecord: 0.6ms)


Started GET "/arduinos" for ::1 at 2017-03-10 15:23:45 +0100
Processing by ArduinosController#index as HTML
  Rendering arduinos/index.html.erb within layouts/application
  [1m[36mArduino Load (0.6ms)[0m  [1m[34mSELECT "arduinos".* FROM "arduinos"[0m
  Rendered arduinos/index.html.erb within layouts/application (3.9ms)
Completed 200 OK in 43ms (Views: 40.3ms | ActiveRecord: 0.6ms)


Started GET "/arduinos/1" for ::1 at 2017-03-10 15:24:02 +0100
Processing by ArduinosController#show as HTML
  Parameters: {"id"=>"1"}
  [1m[36mArduino Load (0.2ms)[0m  [1m[34mSELECT  "arduinos".* FROM "arduinos" WHERE "arduinos"."id" = ? LIMIT ?[0m  [["id", 1], ["LIMIT", 1]]
  Rendering arduinos/show.html.erb within layouts/application
  Rendered arduinos/show.html.erb within layouts/application (1.3ms)
Completed 200 OK in 38ms (Views: 35.7ms | ActiveRecord: 0.2ms)


Started GET "/arduinos/1" for ::1 at 2017-03-10 15:24:03 +0100
Processing by ArduinosController#show as HTML
  Parameters: {"id"=>"1"}
  [1m[36mArduino Load (0.2ms)[0m  [1m[34mSELECT  "arduinos".* FROM "arduinos" WHERE "arduinos"."id" = ? LIMIT ?[0m  [["id", 1], ["LIMIT", 1]]
  Rendering arduinos/show.html.erb within layouts/application
  Rendered arduinos/show.html.erb within layouts/application (1.0ms)
Completed 200 OK in 30ms (Views: 26.9ms | ActiveRecord: 0.2ms)


Started GET "/arduinos/1.json" for ::1 at 2017-03-10 15:24:10 +0100
Processing by ArduinosController#show as JSON
  Parameters: {"id"=>"1"}
  [1m[36mArduino Load (0.3ms)[0m  [1m[34mSELECT  "arduinos".* FROM "arduinos" WHERE "arduinos"."id" = ? LIMIT ?[0m  [["id", 1], ["LIMIT", 1]]
  Rendering arduinos/show.json.jbuilder
  Rendered arduinos/_arduino.json.jbuilder (1.2ms)
  Rendered arduinos/show.json.jbuilder (16.0ms)
Completed 200 OK in 23ms (Views: 19.8ms | ActiveRecord: 0.3ms)


Started GET "/arduinos/1.json" for ::1 at 2017-03-10 15:25:39 +0100
Processing by ArduinosController#show as JSON
  Parameters: {"id"=>"1"}
  [1m[36mArduino Load (2.4ms)[0m  [1m[34mSELECT  "arduinos".* FROM "arduinos" WHERE "arduinos"."id" = ? LIMIT ?[0m  [["id", 1], ["LIMIT", 1]]
  Rendering arduinos/show.json.jbuilder
  Rendered arduinos/_arduino.json.jbuilder (10.9ms)
  Rendered arduinos/show.json.jbuilder (17.1ms)
Completed 200 OK in 121ms (Views: 80.7ms | ActiveRecord: 2.4ms)


Started GET "/arduinos/1.json" for ::1 at 2017-03-10 15:25:44 +0100
Processing by ArduinosController#show as JSON
  Parameters: {"id"=>"1"}
  [1m[36mArduino Load (0.9ms)[0m  [1m[34mSELECT  "arduinos".* FROM "arduinos" WHERE "arduinos"."id" = ? LIMIT ?[0m  [["id", 1], ["LIMIT", 1]]
  Rendering arduinos/show.json.jbuilder
  Rendered arduinos/_arduino.json.jbuilder (4.1ms)
  Rendered arduinos/show.json.jbuilder (11.3ms)
Completed 200 OK in 32ms (Views: 22.4ms | ActiveRecord: 0.9ms)


Started GET "/arduinos/1" for ::1 at 2017-03-10 15:25:45 +0100
Processing by ArduinosController#show as HTML
  Parameters: {"id"=>"1"}
  [1m[36mArduino Load (0.2ms)[0m  [1m[34mSELECT  "arduinos".* FROM "arduinos" WHERE "arduinos"."id" = ? LIMIT ?[0m  [["id", 1], ["LIMIT", 1]]
  Rendering arduinos/show.html.erb within layouts/application
  Rendered arduinos/show.html.erb within layouts/application (4.5ms)
Completed 200 OK in 237ms (Views: 234.1ms | ActiveRecord: 0.2ms)


Started GET "/arduinos/1" for ::1 at 2017-03-10 15:36:23 +0100
Processing by ArduinosController#show as HTML
  Parameters: {"id"=>"1"}
  [1m[36mArduino Load (0.4ms)[0m  [1m[34mSELECT  "arduinos".* FROM "arduinos" WHERE "arduinos"."id" = ? LIMIT ?[0m  [["id", 1], ["LIMIT", 1]]
  Rendering arduinos/show.html.erb within layouts/application
  Rendered arduinos/show.html.erb within layouts/application (4.3ms)
Completed 200 OK in 76ms (Views: 48.1ms | ActiveRecord: 1.6ms)


Started GET "/arduinos/1" for ::1 at 2017-03-10 15:36:27 +0100
Processing by ArduinosController#show as HTML
  Parameters: {"id"=>"1"}
  [1m[36mArduino Load (0.1ms)[0m  [1m[34mSELECT  "arduinos".* FROM "arduinos" WHERE "arduinos"."id" = ? LIMIT ?[0m  [["id", 1], ["LIMIT", 1]]
  Rendering arduinos/show.html.erb within layouts/application
  Rendered arduinos/show.html.erb within layouts/application (1.0ms)
Completed 200 OK in 23ms (Views: 20.8ms | ActiveRecord: 0.1ms)


Started GET "/arduinos/12/01/11" for ::1 at 2017-03-10 15:36:33 +0100
Processing by ArduinosController#create as HTML
  Parameters: {"b1"=>"12", "b2"=>"01", "b3"=>"11"}
Completed 400 Bad Request in 1ms (ActiveRecord: 0.0ms)


  
ActionController::ParameterMissing (param is missing or the value is empty: arduino):
  
app/controllers/arduinos_controller.rb:73:in `arduino_params'
app/controllers/arduinos_controller.rb:28:in `create'
  Rendering /Users/martinez/.rvm/gems/ruby-2.3.0/gems/actionpack-5.0.2/lib/action_dispatch/middleware/templates/rescues/diagnostics.html.erb within rescues/layout
  Rendering /Users/martinez/.rvm/gems/ruby-2.3.0/gems/actionpack-5.0.2/lib/action_dispatch/middleware/templates/rescues/_source.html.erb
  Rendered /Users/martinez/.rvm/gems/ruby-2.3.0/gems/actionpack-5.0.2/lib/action_dispatch/middleware/templates/rescues/_source.html.erb (4.9ms)
  Rendering /Users/martinez/.rvm/gems/ruby-2.3.0/gems/actionpack-5.0.2/lib/action_dispatch/middleware/templates/rescues/_trace.html.erb
  Rendered /Users/martinez/.rvm/gems/ruby-2.3.0/gems/actionpack-5.0.2/lib/action_dispatch/middleware/templates/rescues/_trace.html.erb (2.2ms)
  Rendering /Users/martinez/.rvm/gems/ruby-2.3.0/gems/actionpack-5.0.2/lib/action_dispatch/middleware/templates/rescues/_request_and_response.html.erb
  Rendered /Users/martinez/.rvm/gems/ruby-2.3.0/gems/actionpack-5.0.2/lib/action_dispatch/middleware/templates/rescues/_request_and_response.html.erb (1.5ms)
  Rendered /Users/martinez/.rvm/gems/ruby-2.3.0/gems/actionpack-5.0.2/lib/action_dispatch/middleware/templates/rescues/diagnostics.html.erb within rescues/layout (60.9ms)
Started GET "/arduinos/12/01/11" for ::1 at 2017-03-10 15:41:43 +0100
  
SyntaxError (/Users/martinez/DT/config/routes.rb:4: syntax error, unexpected ':', expecting =>
  	arduino[b1]: /\d{2}/,
  	            ^
/Users/martinez/DT/config/routes.rb:4: syntax error, unexpected ',', expecting keyword_end
/Users/martinez/DT/config/routes.rb:5: syntax error, unexpected ':', expecting keyword_end
  	arduino[b2]: /\d{2}/,
  	            ^
/Users/martinez/DT/config/routes.rb:5: syntax error, unexpected ',', expecting keyword_end
/Users/martinez/DT/config/routes.rb:6: syntax error, unexpected ':', expecting keyword_end
  	arduino[b3]: /\d{2}/,
  	            ^
/Users/martinez/DT/config/routes.rb:6: syntax error, unexpected ',', expecting keyword_end):
  
config/routes.rb:4: syntax error, unexpected ':', expecting =>
config/routes.rb:4: syntax error, unexpected ',', expecting keyword_end
config/routes.rb:5: syntax error, unexpected ':', expecting keyword_end
config/routes.rb:5: syntax error, unexpected ',', expecting keyword_end
config/routes.rb:6: syntax error, unexpected ':', expecting keyword_end
config/routes.rb:6: syntax error, unexpected ',', expecting keyword_end
  Rendering /Users/martinez/.rvm/gems/ruby-2.3.0/gems/actionpack-5.0.2/lib/action_dispatch/middleware/templates/rescues/diagnostics.html.erb within rescues/layout
  Rendering /Users/martinez/.rvm/gems/ruby-2.3.0/gems/actionpack-5.0.2/lib/action_dispatch/middleware/templates/rescues/_source.html.erb
  Rendered /Users/martinez/.rvm/gems/ruby-2.3.0/gems/actionpack-5.0.2/lib/action_dispatch/middleware/templates/rescues/_source.html.erb (7.2ms)
  Rendering /Users/martinez/.rvm/gems/ruby-2.3.0/gems/actionpack-5.0.2/lib/action_dispatch/middleware/templates/rescues/_trace.html.erb
  Rendered /Users/martinez/.rvm/gems/ruby-2.3.0/gems/actionpack-5.0.2/lib/action_dispatch/middleware/templates/rescues/_trace.html.erb (1.9ms)
  Rendering /Users/martinez/.rvm/gems/ruby-2.3.0/gems/actionpack-5.0.2/lib/action_dispatch/middleware/templates/rescues/_request_and_response.html.erb
  Rendered /Users/martinez/.rvm/gems/ruby-2.3.0/gems/actionpack-5.0.2/lib/action_dispatch/middleware/templates/rescues/_request_and_response.html.erb (1.0ms)
  Rendered /Users/martinez/.rvm/gems/ruby-2.3.0/gems/actionpack-5.0.2/lib/action_dispatch/middleware/templates/rescues/diagnostics.html.erb within rescues/layout (66.7ms)
Started GET "/arduinos/12/01/11" for ::1 at 2017-03-10 15:42:11 +0100
Processing by ArduinosController#create as HTML
  Parameters: {"b1"=>"12", "b2"=>"01", "b3"=>"11"}
Completed 400 Bad Request in 4ms (ActiveRecord: 0.0ms)


  
ActionController::ParameterMissing (param is missing or the value is empty: arduino):
  
app/controllers/arduinos_controller.rb:73:in `arduino_params'
app/controllers/arduinos_controller.rb:28:in `create'
  Rendering /Users/martinez/.rvm/gems/ruby-2.3.0/gems/actionpack-5.0.2/lib/action_dispatch/middleware/templates/rescues/diagnostics.html.erb within rescues/layout
  Rendering /Users/martinez/.rvm/gems/ruby-2.3.0/gems/actionpack-5.0.2/lib/action_dispatch/middleware/templates/rescues/_source.html.erb
  Rendered /Users/martinez/.rvm/gems/ruby-2.3.0/gems/actionpack-5.0.2/lib/action_dispatch/middleware/templates/rescues/_source.html.erb (4.9ms)
  Rendering /Users/martinez/.rvm/gems/ruby-2.3.0/gems/actionpack-5.0.2/lib/action_dispatch/middleware/templates/rescues/_trace.html.erb
  Rendered /Users/martinez/.rvm/gems/ruby-2.3.0/gems/actionpack-5.0.2/lib/action_dispatch/middleware/templates/rescues/_trace.html.erb (1.8ms)
  Rendering /Users/martinez/.rvm/gems/ruby-2.3.0/gems/actionpack-5.0.2/lib/action_dispatch/middleware/templates/rescues/_request_and_response.html.erb
  Rendered /Users/martinez/.rvm/gems/ruby-2.3.0/gems/actionpack-5.0.2/lib/action_dispatch/middleware/templates/rescues/_request_and_response.html.erb (1.1ms)
  Rendered /Users/martinez/.rvm/gems/ruby-2.3.0/gems/actionpack-5.0.2/lib/action_dispatch/middleware/templates/rescues/diagnostics.html.erb within rescues/layout (58.9ms)
Started GET "/arduinos/12/01/11" for ::1 at 2017-03-10 15:44:19 +0100
  
ActionController::RoutingError (No route matches [GET] "/arduinos/12/01/11"):
  
actionpack (5.0.2) lib/action_dispatch/middleware/debug_exceptions.rb:53:in `call'
web-console (3.4.0) lib/web_console/middleware.rb:135:in `call_app'
web-console (3.4.0) lib/web_console/middleware.rb:28:in `block in call'
web-console (3.4.0) lib/web_console/middleware.rb:18:in `catch'
web-console (3.4.0) lib/web_console/middleware.rb:18:in `call'
actionpack (5.0.2) lib/action_dispatch/middleware/show_exceptions.rb:31:in `call'
railties (5.0.2) lib/rails/rack/logger.rb:36:in `call_app'
railties (5.0.2) lib/rails/rack/logger.rb:24:in `block in call'
activesupport (5.0.2) lib/active_support/tagged_logging.rb:69:in `block in tagged'
activesupport (5.0.2) lib/active_support/tagged_logging.rb:26:in `tagged'
activesupport (5.0.2) lib/active_support/tagged_logging.rb:69:in `tagged'
railties (5.0.2) lib/rails/rack/logger.rb:24:in `call'
sprockets-rails (3.2.0) lib/sprockets/rails/quiet_assets.rb:13:in `call'
actionpack (5.0.2) lib/action_dispatch/middleware/request_id.rb:24:in `call'
rack (2.0.1) lib/rack/method_override.rb:22:in `call'
rack (2.0.1) lib/rack/runtime.rb:22:in `call'
activesupport (5.0.2) lib/active_support/cache/strategy/local_cache_middleware.rb:28:in `call'
actionpack (5.0.2) lib/action_dispatch/middleware/executor.rb:12:in `call'
actionpack (5.0.2) lib/action_dispatch/middleware/static.rb:136:in `call'
rack (2.0.1) lib/rack/sendfile.rb:111:in `call'
railties (5.0.2) lib/rails/engine.rb:522:in `call'
puma (3.8.0) lib/puma/configuration.rb:224:in `call'
puma (3.8.0) lib/puma/server.rb:590:in `handle_request'
puma (3.8.0) lib/puma/server.rb:425:in `process_client'
puma (3.8.0) lib/puma/server.rb:289:in `block in run'
puma (3.8.0) lib/puma/thread_pool.rb:120:in `block in spawn_thread'
  Rendering /Users/martinez/.rvm/gems/ruby-2.3.0/gems/actionpack-5.0.2/lib/action_dispatch/middleware/templates/rescues/routing_error.html.erb within rescues/layout
  Rendering /Users/martinez/.rvm/gems/ruby-2.3.0/gems/actionpack-5.0.2/lib/action_dispatch/middleware/templates/rescues/_trace.html.erb
  Rendered /Users/martinez/.rvm/gems/ruby-2.3.0/gems/actionpack-5.0.2/lib/action_dispatch/middleware/templates/rescues/_trace.html.erb (2.2ms)
  Rendered collection of /Users/martinez/.rvm/gems/ruby-2.3.0/gems/actionpack-5.0.2/lib/action_dispatch/middleware/templates/routes/_route.html.erb [9 times] (8.0ms)
  Rendered /Users/martinez/.rvm/gems/ruby-2.3.0/gems/actionpack-5.0.2/lib/action_dispatch/middleware/templates/routes/_table.html.erb (1.6ms)
  Rendering /Users/martinez/.rvm/gems/ruby-2.3.0/gems/actionpack-5.0.2/lib/action_dispatch/middleware/templates/rescues/_request_and_response.html.erb
  Rendered /Users/martinez/.rvm/gems/ruby-2.3.0/gems/actionpack-5.0.2/lib/action_dispatch/middleware/templates/rescues/_request_and_response.html.erb (1.5ms)
  Rendered /Users/martinez/.rvm/gems/ruby-2.3.0/gems/actionpack-5.0.2/lib/action_dispatch/middleware/templates/rescues/routing_error.html.erb within rescues/layout (79.8ms)
Started GET "/" for ::1 at 2017-03-10 17:27:03 +0100
Processing by Rails::WelcomeController#index as HTML
  Parameters: {"internal"=>true}
  Rendering /Users/martinez/.rvm/gems/ruby-2.3.0/gems/railties-5.0.2/lib/rails/templates/rails/welcome/index.html.erb
  Rendered /Users/martinez/.rvm/gems/ruby-2.3.0/gems/railties-5.0.2/lib/rails/templates/rails/welcome/index.html.erb (41.6ms)
Completed 200 OK in 87ms (Views: 63.2ms | ActiveRecord: 0.0ms)


Started GET "/" for 127.0.0.1 at 2017-03-17 06:28:20 +0100
  [1m[36mActiveRecord::SchemaMigration Load (0.5ms)[0m  [1m[34mSELECT "schema_migrations".* FROM "schema_migrations"[0m
Processing by Rails::WelcomeController#index as HTML
  Parameters: {"internal"=>true}
  Rendering /Users/martinez/.rvm/gems/ruby-2.3.0/gems/railties-5.0.2/lib/rails/templates/rails/welcome/index.html.erb
  Rendered /Users/martinez/.rvm/gems/ruby-2.3.0/gems/railties-5.0.2/lib/rails/templates/rails/welcome/index.html.erb (11.9ms)
Completed 200 OK in 33ms (Views: 19.8ms | ActiveRecord: 0.0ms)


Started GET "/" for 127.0.0.1 at 2017-03-17 06:28:23 +0100
Processing by Rails::WelcomeController#index as HTML
  Parameters: {"internal"=>true}
  Rendering /Users/martinez/.rvm/gems/ruby-2.3.0/gems/railties-5.0.2/lib/rails/templates/rails/welcome/index.html.erb
  Rendered /Users/martinez/.rvm/gems/ruby-2.3.0/gems/railties-5.0.2/lib/rails/templates/rails/welcome/index.html.erb (3.5ms)
Completed 200 OK in 7ms (Views: 5.4ms | ActiveRecord: 0.0ms)


Started GET "/arduinos/1" for 127.0.0.1 at 2017-03-17 06:28:25 +0100
Processing by ArduinosController#show as HTML
  Parameters: {"id"=>"1"}
  [1m[36mArduino Load (0.6ms)[0m  [1m[34mSELECT  "arduinos".* FROM "arduinos" WHERE "arduinos"."id" = ? LIMIT ?[0m  [["id", 1], ["LIMIT", 1]]
  Rendering arduinos/show.html.erb within layouts/application
  Rendered arduinos/show.html.erb within layouts/application (4.9ms)
Completed 200 OK in 277ms (Views: 262.6ms | ActiveRecord: 1.7ms)


Started GET "/arduinos/1" for 127.0.0.1 at 2017-03-17 06:28:27 +0100
Processing by ArduinosController#show as HTML
  Parameters: {"id"=>"1"}
  [1m[36mArduino Load (0.4ms)[0m  [1m[34mSELECT  "arduinos".* FROM "arduinos" WHERE "arduinos"."id" = ? LIMIT ?[0m  [["id", 1], ["LIMIT", 1]]
  Rendering arduinos/show.html.erb within layouts/application
  Rendered arduinos/show.html.erb within layouts/application (1.2ms)
Completed 200 OK in 21ms (Views: 17.7ms | ActiveRecord: 0.4ms)


Started GET "/arduinos" for 127.0.0.1 at 2017-03-17 06:28:30 +0100
Processing by ArduinosController#index as HTML
  Rendering arduinos/index.html.erb within layouts/application
  [1m[36mArduino Load (0.2ms)[0m  [1m[34mSELECT "arduinos".* FROM "arduinos"[0m
  Rendered arduinos/index.html.erb within layouts/application (2.1ms)
Completed 200 OK in 42ms (Views: 37.0ms | ActiveRecord: 0.2ms)


Started GET "/arduinos" for 127.0.0.1 at 2017-03-17 06:28:30 +0100
Processing by ArduinosController#index as HTML
  Rendering arduinos/index.html.erb within layouts/application
  [1m[36mArduino Load (0.7ms)[0m  [1m[34mSELECT "arduinos".* FROM "arduinos"[0m
  Rendered arduinos/index.html.erb within layouts/application (5.0ms)
Completed 200 OK in 48ms (Views: 30.9ms | ActiveRecord: 0.7ms)


